[0m16:19:35.528082 [debug] [MainThread]: Sending event: {'category': 'dbt', 'action': 'invocation', 'label': 'start', 'context': [<snowplow_tracker.self_describing_json.SelfDescribingJson object at 0x000002772D399590>, <snowplow_tracker.self_describing_json.SelfDescribingJson object at 0x000002772D393490>, <snowplow_tracker.self_describing_json.SelfDescribingJson object at 0x000002772D391810>]}


============================== 16:19:35.539088 | ad31566b-70bf-4145-8b5c-bb09224e4ba0 ==============================
[0m16:19:35.539088 [info ] [MainThread]: Running with dbt=1.11.2
[0m16:19:35.541645 [debug] [MainThread]: running dbt with arguments {'static_parser': 'True', 'no_print': 'None', 'version_check': 'True', 'warn_error_options': 'WarnErrorOptionsV2(error=[], warn=[], silence=[])', 'target_path': 'None', 'printer_width': '80', 'write_json': 'True', 'empty': 'None', 'log_cache_events': 'False', 'introspect': 'True', 'cache_selected_only': 'False', 'fail_fast': 'False', 'debug': 'False', 'log_format': 'default', 'profiles_dir': 'C:\\Users\\manoh\\.dbt', 'send_anonymous_usage_stats': 'True', 'quiet': 'False', 'warn_error': 'None', 'partial_parse': 'True', 'indirect_selection': 'eager', 'use_colors': 'True', 'invocation_command': 'dbt init --skip-profile-setup airbnb', 'use_experimental_parser': 'False', 'log_path': 'logs'}
[0m16:19:36.224046 [info ] [MainThread]: Creating dbt configuration folder at C:\Users\manoh\.dbt
[0m16:19:36.237013 [debug] [MainThread]: Starter project path: C:\Users\manoh\Desktop\ML\snowflake\dbt-repo\.venv\Lib\site-packages\dbt\include\starter_project
[0m16:19:36.436831 [info ] [MainThread]: 
Your new dbt project "airbnb" was created!

For more information on how to configure the profiles.yml file,
please consult the dbt documentation here:

  https://docs.getdbt.com/docs/configure-your-profile

One more thing:

Need help? Don't hesitate to reach out to us via GitHub issues or on Slack:

  https://community.getdbt.com/

Happy modeling!

[0m16:19:36.439959 [debug] [MainThread]: Command `dbt init` succeeded at 16:19:36.438845 after 1.11 seconds
[0m16:19:36.440833 [debug] [MainThread]: Sending event: {'category': 'dbt', 'action': 'invocation', 'label': 'end', 'context': [<snowplow_tracker.self_describing_json.SelfDescribingJson object at 0x000002772B4749D0>, <snowplow_tracker.self_describing_json.SelfDescribingJson object at 0x000002772555D190>, <snowplow_tracker.self_describing_json.SelfDescribingJson object at 0x000002772555D150>]}
[0m16:19:36.440833 [debug] [MainThread]: Flushing usage events
[0m16:19:37.047843 [debug] [MainThread]: An error was encountered while trying to flush usage events
[0m16:20:38.382207 [debug] [MainThread]: Sending event: {'category': 'dbt', 'action': 'invocation', 'label': 'start', 'context': [<snowplow_tracker.self_describing_json.SelfDescribingJson object at 0x000002135864E5D0>, <snowplow_tracker.self_describing_json.SelfDescribingJson object at 0x0000021358655350>, <snowplow_tracker.self_describing_json.SelfDescribingJson object at 0x0000021358637CD0>]}


============================== 16:20:38.386745 | 67caf836-4052-4e59-bb34-e120bcc06554 ==============================
[0m16:20:38.386745 [info ] [MainThread]: Running with dbt=1.11.2
[0m16:20:38.387742 [debug] [MainThread]: running dbt with arguments {'version_check': 'True', 'no_print': 'None', 'static_parser': 'True', 'warn_error_options': 'WarnErrorOptionsV2(error=[], warn=[], silence=[])', 'target_path': 'None', 'printer_width': '80', 'write_json': 'True', 'empty': 'None', 'log_cache_events': 'False', 'introspect': 'True', 'cache_selected_only': 'False', 'log_format': 'default', 'debug': 'False', 'fail_fast': 'False', 'partial_parse': 'True', 'send_anonymous_usage_stats': 'True', 'quiet': 'False', 'warn_error': 'None', 'profiles_dir': 'C:\\Users\\manoh\\.dbt', 'use_colors': 'True', 'indirect_selection': 'eager', 'invocation_command': 'dbt debug', 'use_experimental_parser': 'False', 'log_path': 'logs'}
[0m16:20:38.439461 [info ] [MainThread]: dbt version: 1.11.2
[0m16:20:38.440379 [info ] [MainThread]: python version: 3.11.5
[0m16:20:38.442520 [info ] [MainThread]: python path: C:\Users\manoh\Desktop\ML\snowflake\dbt-repo\.venv\Scripts\python.exe
[0m16:20:38.444120 [info ] [MainThread]: os info: Windows-10-10.0.26200-SP0
[0m16:20:38.446146 [info ] [MainThread]: Using profiles dir at C:\Users\manoh\.dbt
[0m16:20:38.450171 [info ] [MainThread]: Using profiles.yml file at C:\Users\manoh\.dbt\profiles.yml
[0m16:20:38.451300 [info ] [MainThread]: Using dbt_project.yml file at C:\Users\manoh\Desktop\ML\snowflake\dbt-repo\dbt_project.yml
[0m16:20:38.453419 [info ] [MainThread]: Configuration:
[0m16:20:38.454383 [info ] [MainThread]:   profiles.yml file [[31mERROR not found[0m]
[0m16:20:38.455344 [info ] [MainThread]:   dbt_project.yml file [[31mERROR not found[0m]
[0m16:20:38.456395 [info ] [MainThread]: Required dependencies:
[0m16:20:38.458782 [debug] [MainThread]: Executing "git --help"
[0m16:20:38.519099 [debug] [MainThread]: STDOUT: "b"usage: git [-v | --version] [-h | --help] [-C <path>] [-c <name>=<value>]\n           [--exec-path[=<path>]] [--html-path] [--man-path] [--info-path]\n           [-p | --paginate | -P | --no-pager] [--no-replace-objects] [--bare]\n           [--git-dir=<path>] [--work-tree=<path>] [--namespace=<name>]\n           [--config-env=<name>=<envvar>] <command> [<args>]\n\nThese are common Git commands used in various situations:\n\nstart a working area (see also: git help tutorial)\n   clone     Clone a repository into a new directory\n   init      Create an empty Git repository or reinitialize an existing one\n\nwork on the current change (see also: git help everyday)\n   add       Add file contents to the index\n   mv        Move or rename a file, a directory, or a symlink\n   restore   Restore working tree files\n   rm        Remove files from the working tree and from the index\n\nexamine the history and state (see also: git help revisions)\n   bisect    Use binary search to find the commit that introduced a bug\n   diff      Show changes between commits, commit and working tree, etc\n   grep      Print lines matching a pattern\n   log       Show commit logs\n   show      Show various types of objects\n   status    Show the working tree status\n\ngrow, mark and tweak your common history\n   branch    List, create, or delete branches\n   commit    Record changes to the repository\n   merge     Join two or more development histories together\n   rebase    Reapply commits on top of another base tip\n   reset     Reset current HEAD to the specified state\n   switch    Switch branches\n   tag       Create, list, delete or verify a tag object signed with GPG\n\ncollaborate (see also: git help workflows)\n   fetch     Download objects and refs from another repository\n   pull      Fetch from and integrate with another repository or a local branch\n   push      Update remote refs along with associated objects\n\n'git help -a' and 'git help -g' list available subcommands and some\nconcept guides. See 'git help <command>' or 'git help <concept>'\nto read about a specific subcommand or concept.\nSee 'git help git' for an overview of the system.\n""
[0m16:20:38.520635 [debug] [MainThread]: STDERR: "b''"
[0m16:20:38.521169 [info ] [MainThread]:  - git [[32mOK found[0m]

[0m16:20:38.521712 [info ] [MainThread]: Connection test skipped since no profile was found
[0m16:20:38.522724 [info ] [MainThread]: [31m2 checks failed:[0m
[0m16:20:38.522724 [info ] [MainThread]: dbt looked for a profiles.yml file in C:\Users\manoh\.dbt\profiles.yml, but did
not find one. For more information on configuring your profile, consult the
documentation:

https://docs.getdbt.com/docs/configure-your-profile


[0m16:20:38.524233 [info ] [MainThread]: Project loading failed for the following reason:
 project path <C:\Users\manoh\Desktop\ML\snowflake\dbt-repo\dbt_project.yml> not found

[0m16:20:38.526251 [debug] [MainThread]: Command `dbt debug` failed at 16:20:38.526251 after 0.39 seconds
[0m16:20:38.527242 [debug] [MainThread]: Sending event: {'category': 'dbt', 'action': 'invocation', 'label': 'end', 'context': [<snowplow_tracker.self_describing_json.SelfDescribingJson object at 0x000002135508D190>, <snowplow_tracker.self_describing_json.SelfDescribingJson object at 0x000002135CEBA650>, <snowplow_tracker.self_describing_json.SelfDescribingJson object at 0x000002135CEBA490>]}
[0m16:20:38.528240 [debug] [MainThread]: Flushing usage events
[0m16:20:39.219002 [debug] [MainThread]: An error was encountered while trying to flush usage events
[0m18:13:10.797216 [debug] [MainThread]: Sending event: {'category': 'dbt', 'action': 'invocation', 'label': 'start', 'context': [<snowplow_tracker.self_describing_json.SelfDescribingJson object at 0x000001E64575FC10>, <snowplow_tracker.self_describing_json.SelfDescribingJson object at 0x000001E64474E690>, <snowplow_tracker.self_describing_json.SelfDescribingJson object at 0x000001E640EFB250>]}


============================== 18:13:10.804765 | 569259ca-b0ad-4656-bb22-d1758d44c9f6 ==============================
[0m18:13:10.804765 [info ] [MainThread]: Running with dbt=1.11.2
[0m18:13:10.806272 [debug] [MainThread]: running dbt with arguments {'static_parser': 'True', 'no_print': 'None', 'version_check': 'True', 'target_path': 'None', 'warn_error_options': 'WarnErrorOptionsV2(error=[], warn=[], silence=[])', 'printer_width': '80', 'write_json': 'True', 'empty': 'None', 'log_cache_events': 'False', 'introspect': 'True', 'cache_selected_only': 'False', 'log_format': 'default', 'debug': 'False', 'fail_fast': 'False', 'profiles_dir': 'C:\\Users\\manoh\\.dbt', 'send_anonymous_usage_stats': 'True', 'quiet': 'False', 'warn_error': 'None', 'partial_parse': 'True', 'invocation_command': 'dbt debug', 'use_colors': 'True', 'indirect_selection': 'eager', 'use_experimental_parser': 'False', 'log_path': 'logs'}
[0m18:13:10.851076 [info ] [MainThread]: dbt version: 1.11.2
[0m18:13:10.852613 [info ] [MainThread]: python version: 3.11.5
[0m18:13:10.853635 [info ] [MainThread]: python path: C:\Users\manoh\Desktop\ML\snowflake\dbt-repo\.venv\Scripts\python.exe
[0m18:13:10.854650 [info ] [MainThread]: os info: Windows-10-10.0.26200-SP0
[0m18:13:10.854650 [info ] [MainThread]: Using profiles dir at C:\Users\manoh\.dbt
[0m18:13:10.856161 [info ] [MainThread]: Using profiles.yml file at C:\Users\manoh\.dbt\profiles.yml
[0m18:13:10.856161 [info ] [MainThread]: Using dbt_project.yml file at C:\Users\manoh\Desktop\ML\snowflake\dbt-repo\dbt_project.yml
[0m18:13:10.857167 [info ] [MainThread]: Configuration:
[0m18:13:10.857167 [info ] [MainThread]:   profiles.yml file [[31mERROR not found[0m]
[0m18:13:10.858674 [info ] [MainThread]:   dbt_project.yml file [[31mERROR not found[0m]
[0m18:13:10.859197 [info ] [MainThread]: Required dependencies:
[0m18:13:10.860207 [debug] [MainThread]: Executing "git --help"
[0m18:13:10.924296 [debug] [MainThread]: STDOUT: "b"usage: git [-v | --version] [-h | --help] [-C <path>] [-c <name>=<value>]\n           [--exec-path[=<path>]] [--html-path] [--man-path] [--info-path]\n           [-p | --paginate | -P | --no-pager] [--no-replace-objects] [--bare]\n           [--git-dir=<path>] [--work-tree=<path>] [--namespace=<name>]\n           [--config-env=<name>=<envvar>] <command> [<args>]\n\nThese are common Git commands used in various situations:\n\nstart a working area (see also: git help tutorial)\n   clone     Clone a repository into a new directory\n   init      Create an empty Git repository or reinitialize an existing one\n\nwork on the current change (see also: git help everyday)\n   add       Add file contents to the index\n   mv        Move or rename a file, a directory, or a symlink\n   restore   Restore working tree files\n   rm        Remove files from the working tree and from the index\n\nexamine the history and state (see also: git help revisions)\n   bisect    Use binary search to find the commit that introduced a bug\n   diff      Show changes between commits, commit and working tree, etc\n   grep      Print lines matching a pattern\n   log       Show commit logs\n   show      Show various types of objects\n   status    Show the working tree status\n\ngrow, mark and tweak your common history\n   branch    List, create, or delete branches\n   commit    Record changes to the repository\n   merge     Join two or more development histories together\n   rebase    Reapply commits on top of another base tip\n   reset     Reset current HEAD to the specified state\n   switch    Switch branches\n   tag       Create, list, delete or verify a tag object signed with GPG\n\ncollaborate (see also: git help workflows)\n   fetch     Download objects and refs from another repository\n   pull      Fetch from and integrate with another repository or a local branch\n   push      Update remote refs along with associated objects\n\n'git help -a' and 'git help -g' list available subcommands and some\nconcept guides. See 'git help <command>' or 'git help <concept>'\nto read about a specific subcommand or concept.\nSee 'git help git' for an overview of the system.\n""
[0m18:13:10.925317 [debug] [MainThread]: STDERR: "b''"
[0m18:13:10.925317 [info ] [MainThread]:  - git [[32mOK found[0m]

[0m18:13:10.926399 [info ] [MainThread]: Connection test skipped since no profile was found
[0m18:13:10.927401 [info ] [MainThread]: [31m2 checks failed:[0m
[0m18:13:10.928403 [info ] [MainThread]: dbt looked for a profiles.yml file in C:\Users\manoh\.dbt\profiles.yml, but did
not find one. For more information on configuring your profile, consult the
documentation:

https://docs.getdbt.com/docs/configure-your-profile


[0m18:13:10.930950 [info ] [MainThread]: Project loading failed for the following reason:
 project path <C:\Users\manoh\Desktop\ML\snowflake\dbt-repo\dbt_project.yml> not found

[0m18:13:10.933742 [debug] [MainThread]: Command `dbt debug` failed at 18:13:10.931933 after 0.30 seconds
[0m18:13:10.934754 [debug] [MainThread]: Sending event: {'category': 'dbt', 'action': 'invocation', 'label': 'end', 'context': [<snowplow_tracker.self_describing_json.SelfDescribingJson object at 0x000001E63D95CF90>, <snowplow_tracker.self_describing_json.SelfDescribingJson object at 0x000001E6447101D0>, <snowplow_tracker.self_describing_json.SelfDescribingJson object at 0x000001E644713FD0>]}
[0m18:13:10.934754 [debug] [MainThread]: Flushing usage events
[0m18:13:11.601883 [debug] [MainThread]: An error was encountered while trying to flush usage events
[0m12:14:01.263604 [debug] [MainThread]: Got an exception trying to initialize tracking


============================== 12:14:01.327378 | 873586f8-3593-4e7c-905b-e17b1e742292 ==============================
[0m12:14:01.327378 [info ] [MainThread]: Running with dbt=1.11.2
[0m12:14:01.329285 [debug] [MainThread]: running dbt with arguments {'static_parser': 'True', 'no_print': 'None', 'version_check': 'True', 'target_path': 'None', 'warn_error_options': 'WarnErrorOptionsV2(error=[], warn=[], silence=[])', 'printer_width': '80', 'write_json': 'True', 'empty': 'None', 'log_cache_events': 'False', 'introspect': 'True', 'cache_selected_only': 'False', 'log_format': 'default', 'debug': 'False', 'fail_fast': 'False', 'profiles_dir': 'C:\\Users\\manoh\\.dbt', 'send_anonymous_usage_stats': 'True', 'quiet': 'False', 'warn_error': 'None', 'partial_parse': 'True', 'use_colors': 'True', 'invocation_command': 'dbt test', 'indirect_selection': 'eager', 'use_experimental_parser': 'False', 'log_path': 'logs'}
[0m12:14:01.330288 [error] [MainThread]: Encountered an error:
Runtime Error
  No dbt_project.yml found at expected path C:\Users\manoh\Desktop\ML\snowflake\dbt-repo\dbt_project.yml
  Verify that each entry within packages.yml (and their transitive dependencies) contains a file named dbt_project.yml
  
[0m12:14:01.332347 [debug] [MainThread]: Command `dbt test` failed at 12:14:01.331286 after 0.16 seconds
[0m12:14:01.332347 [debug] [MainThread]: Flushing usage events
